  main.cpp
c:\users\fab\documents\github\prog-comp-2019-01\studentselector\main.cpp(26): error C2131: expression did not evaluate to a constant
  c:\users\fab\documents\github\prog-comp-2019-01\studentselector\main.cpp(26): note: failure was caused by a read of a variable outside its lifetime
  c:\users\fab\documents\github\prog-comp-2019-01\studentselector\main.cpp(26): note: see usage of 'n'
c:\users\fab\documents\github\prog-comp-2019-01\studentselector\main.cpp(27): error C3863: array type 'int [n]' is not assignable
c:\users\fab\documents\github\prog-comp-2019-01\studentselector\main.cpp(29): error C3863: array type 'int [n]' is not assignable
c:\users\fab\documents\github\prog-comp-2019-01\studentselector\main.cpp(49): warning C4244: 'argument': conversion from 'time_t' to 'unsigned int', possible loss of data
